
> backend_lensia@0.1.0 dev
> next dev --turbopack -p 51511

 ⚠ Warning: Next.js inferred your workspace root, but it may not be correct.
 We detected multiple lockfiles and selected the directory of /home/recep/package-lock.json as the root directory.
 To silence this warning, set `turbopack.root` in your Next.js config, or consider removing one of the lockfiles if it's not needed.
   See https://nextjs.org/docs/app/api-reference/config/next-config-js/turbopack#root-directory for more information.
 Detected additional lockfiles: 
   * /home/recep/Desktop/backend_lensia-2/package-lock.json

   ▲ Next.js 15.5.4 (Turbopack)
   - Local:        http://localhost:51511
   - Network:      http://172.16.8.125:51511
   - Environments: .env.local

 ✓ Starting...
 ✓ Ready in 1154ms
 ○ Compiling /api/generate ...
 ✓ Compiled /api/generate in 1930ms
 GET /api/generate 200 in 2408ms
 GET /api/generate 200 in 1565ms
 ○ Compiling / ...
 GET /api/generate 200 in 271ms
 GET /api/generate 200 in 284ms
 ✓ Compiled / in 2.5s
 GET / 200 in 2802ms
 ✓ Compiled /favicon.ico in 166ms
 GET /api/generate 200 in 301ms
 GET /favicon.ico?favicon.0b3bf435.ico 200 in 416ms
 GET /api/generate 200 in 264ms
[?25h
